<?xml version="1.0" encoding="UTF-8"?>
<!-- Generated by org.testng.reporters.JUnitXMLReporter -->
<testsuite ignored="0" hostname="Yoga" failures="0" tests="7" name="Default test" time="23.804" errors="0" timestamp="2025-06-28T20:59:43 IST">
  <testcase classname="com.indium.uber.qa.tests.HomePageHeadingsTest" name="Cheak_Heading" time="0.112"/>
  <testcase classname="com.indium.uber.qa.tests.HomePageHeadingsTest" name="get_Business_With_Uber_headingtext" time="0.087"/>
  <testcase classname="com.indium.uber.qa.tests.HomePageHeadingsTest" name="get_Car_Rent_headingtext" time="0.093"/>
  <testcase classname="com.indium.uber.qa.tests.HomePageHeadingsTest" name="get_Login_headingtext" time="0.108"/>
  <testcase classname="com.indium.uber.qa.tests.HomePageHeadingsTest" name="get_Plan_Later_headingtext" time="1.924"/>
  <testcase classname="com.indium.uber.qa.tests.HomePageHeadingsTest" name="get_schedule_Rides_headingtext" time="0.101"/>
  <testcase classname="com.indium.uber.qa.tests.HomePageHeadingsTest" name="get_ways_of_rides_headingtext" time="0.046"/>
</testsuite> <!-- Default test -->
