<?xml version="1.0" encoding="UTF-8"?>
<!-- Generated by org.testng.reporters.JUnitXMLReporter -->
<testsuite ignored="0" hostname="Yoga" failures="0" tests="8" name="Default test" time="22.083" errors="0" timestamp="2025-06-29T12:40:26 IST">
  <testcase classname="com.indium.uber.qa.tests.HomePageHeadingsTest" name="Cheak_Heading" time="0.153"/>
  <testcase classname="com.indium.uber.qa.tests.HomePageHeadingsTest" name="get_App_Download_headingtext" time="0.092"/>
  <testcase classname="com.indium.uber.qa.tests.HomePageHeadingsTest" name="get_Business_With_Uber_headingtext" time="0.079"/>
  <testcase classname="com.indium.uber.qa.tests.HomePageHeadingsTest" name="get_Car_Rent_headingtext" time="0.092"/>
  <testcase classname="com.indium.uber.qa.tests.HomePageHeadingsTest" name="get_Login_headingtext" time="0.132"/>
  <testcase classname="com.indium.uber.qa.tests.HomePageHeadingsTest" name="get_Plan_Later_headingtext" time="1.96"/>
  <testcase classname="com.indium.uber.qa.tests.HomePageHeadingsTest" name="get_schedule_Rides_headingtext" time="0.05"/>
  <testcase classname="com.indium.uber.qa.tests.HomePageHeadingsTest" name="get_ways_of_rides_headingtext" time="0.096"/>
</testsuite> <!-- Default test -->
