<?xml version="1.0" encoding="UTF-8"?>
<!-- Generated by org.testng.reporters.JUnitXMLReporter -->
<testsuite ignored="0" hostname="Yoga" failures="1" tests="2" name="Test" time="7.983" errors="0" timestamp="2025-06-26T00:51:16 IST">
  <testcase classname="com.indium.uber.qa.tests.BookingRideTest" name="test1" time="0.009"/>
  <testcase classname="com.indium.uber.qa.tests.BookingRideTest" name="test2" time="0.004">
    <failure type="java.lang.AssertionError" message="null">
      <![CDATA[java.lang.AssertionError: null
at com.indium.uber.qa.tests.BookingRideTest.test2(BookingRideTest.java:39)
at java.base/java.util.ArrayList.forEach(ArrayList.java:1597)
... Removed 27 stack frames]]>
    </failure>
  </testcase> <!-- test2 -->
</testsuite> <!-- Test -->
