<?xml version="1.0" encoding="UTF-8"?>
<testng-results ignored="0" total="9" passed="8" failed="1" skipped="0">
  <reporter-output>
  </reporter-output>
  <suite started-at="2025-06-29T10:30:45 IST" name="Suite" finished-at="2025-06-29T10:31:14 IST" duration-ms="28453">
    <groups>
    </groups>
    <test started-at="2025-06-29T10:30:45 IST" name="Test" finished-at="2025-06-29T10:31:14 IST" duration-ms="28453">
      <class name="com.indium.uber.qa.tests.HomePageHeadingsTest">
        <test-method is-config="true" signature="start()[pri:0, instance:com.indium.uber.qa.tests.HomePageHeadingsTest@61322f9d]" started-at="2025-06-29T10:30:55 IST" name="start" finished-at="2025-06-29T10:30:57 IST" duration-ms="1680" status="PASS">
          <reporter-output>
          </reporter-output>
        </test-method> <!-- start -->
        <test-method signature="Cheak_Heading()[pri:0, instance:com.indium.uber.qa.tests.HomePageHeadingsTest@61322f9d]" started-at="2025-06-29T10:30:57 IST" name="Cheak_Heading" finished-at="2025-06-29T10:30:57 IST" duration-ms="82" status="PASS">
          <reporter-output>
          </reporter-output>
        </test-method> <!-- Cheak_Heading -->
        <test-method is-config="true" signature="teardown()[pri:0, instance:com.indium.uber.qa.tests.HomePageHeadingsTest@61322f9d]" started-at="2025-06-29T10:30:57 IST" name="teardown" finished-at="2025-06-29T10:30:58 IST" duration-ms="751" status="PASS">
          <reporter-output>
          </reporter-output>
        </test-method> <!-- teardown -->
        <test-method is-config="true" signature="start()[pri:0, instance:com.indium.uber.qa.tests.HomePageHeadingsTest@61322f9d]" started-at="2025-06-29T10:30:58 IST" name="start" finished-at="2025-06-29T10:30:59 IST" duration-ms="1726" status="PASS">
          <reporter-output>
          </reporter-output>
        </test-method> <!-- start -->
        <test-method signature="get_Business_With_Uber_headingtext()[pri:0, instance:com.indium.uber.qa.tests.HomePageHeadingsTest@61322f9d]" started-at="2025-06-29T10:30:59 IST" name="get_Business_With_Uber_headingtext" finished-at="2025-06-29T10:30:59 IST" duration-ms="32" status="PASS">
          <reporter-output>
          </reporter-output>
        </test-method> <!-- get_Business_With_Uber_headingtext -->
        <test-method is-config="true" signature="teardown()[pri:0, instance:com.indium.uber.qa.tests.HomePageHeadingsTest@61322f9d]" started-at="2025-06-29T10:30:59 IST" name="teardown" finished-at="2025-06-29T10:31:00 IST" duration-ms="411" status="PASS">
          <reporter-output>
          </reporter-output>
        </test-method> <!-- teardown -->
        <test-method is-config="true" signature="start()[pri:0, instance:com.indium.uber.qa.tests.HomePageHeadingsTest@61322f9d]" started-at="2025-06-29T10:31:00 IST" name="start" finished-at="2025-06-29T10:31:02 IST" duration-ms="1616" status="PASS">
          <reporter-output>
          </reporter-output>
        </test-method> <!-- start -->
        <test-method signature="get_Car_Rent_headingtext()[pri:0, instance:com.indium.uber.qa.tests.HomePageHeadingsTest@61322f9d]" started-at="2025-06-29T10:31:02 IST" name="get_Car_Rent_headingtext" finished-at="2025-06-29T10:31:02 IST" duration-ms="38" status="PASS">
          <reporter-output>
          </reporter-output>
        </test-method> <!-- get_Car_Rent_headingtext -->
        <test-method is-config="true" signature="teardown()[pri:0, instance:com.indium.uber.qa.tests.HomePageHeadingsTest@61322f9d]" started-at="2025-06-29T10:31:02 IST" name="teardown" finished-at="2025-06-29T10:31:02 IST" duration-ms="625" status="PASS">
          <reporter-output>
          </reporter-output>
        </test-method> <!-- teardown -->
        <test-method is-config="true" signature="start()[pri:0, instance:com.indium.uber.qa.tests.HomePageHeadingsTest@61322f9d]" started-at="2025-06-29T10:31:02 IST" name="start" finished-at="2025-06-29T10:31:05 IST" duration-ms="2633" status="PASS">
          <reporter-output>
          </reporter-output>
        </test-method> <!-- start -->
        <test-method signature="get_Login_headingtext()[pri:0, instance:com.indium.uber.qa.tests.HomePageHeadingsTest@61322f9d]" started-at="2025-06-29T10:31:05 IST" name="get_Login_headingtext" finished-at="2025-06-29T10:31:05 IST" duration-ms="40" status="PASS">
          <reporter-output>
          </reporter-output>
        </test-method> <!-- get_Login_headingtext -->
        <test-method is-config="true" signature="teardown()[pri:0, instance:com.indium.uber.qa.tests.HomePageHeadingsTest@61322f9d]" started-at="2025-06-29T10:31:05 IST" name="teardown" finished-at="2025-06-29T10:31:05 IST" duration-ms="453" status="PASS">
          <reporter-output>
          </reporter-output>
        </test-method> <!-- teardown -->
        <test-method is-config="true" signature="start()[pri:0, instance:com.indium.uber.qa.tests.HomePageHeadingsTest@61322f9d]" started-at="2025-06-29T10:31:05 IST" name="start" finished-at="2025-06-29T10:31:07 IST" duration-ms="1889" status="PASS">
          <reporter-output>
          </reporter-output>
        </test-method> <!-- start -->
        <test-method signature="get_Plan_Later_headingtext()[pri:0, instance:com.indium.uber.qa.tests.HomePageHeadingsTest@61322f9d]" started-at="2025-06-29T10:31:07 IST" name="get_Plan_Later_headingtext" finished-at="2025-06-29T10:31:09 IST" duration-ms="1436" status="PASS">
          <reporter-output>
          </reporter-output>
        </test-method> <!-- get_Plan_Later_headingtext -->
        <test-method is-config="true" signature="teardown()[pri:0, instance:com.indium.uber.qa.tests.HomePageHeadingsTest@61322f9d]" started-at="2025-06-29T10:31:09 IST" name="teardown" finished-at="2025-06-29T10:31:09 IST" duration-ms="250" status="PASS">
          <reporter-output>
          </reporter-output>
        </test-method> <!-- teardown -->
        <test-method is-config="true" signature="start()[pri:0, instance:com.indium.uber.qa.tests.HomePageHeadingsTest@61322f9d]" started-at="2025-06-29T10:31:09 IST" name="start" finished-at="2025-06-29T10:31:11 IST" duration-ms="1875" status="PASS">
          <reporter-output>
          </reporter-output>
        </test-method> <!-- start -->
        <test-method signature="get_schedule_Rides_headingtext()[pri:0, instance:com.indium.uber.qa.tests.HomePageHeadingsTest@61322f9d]" started-at="2025-06-29T10:31:11 IST" name="get_schedule_Rides_headingtext" finished-at="2025-06-29T10:31:11 IST" duration-ms="34" status="PASS">
          <reporter-output>
          </reporter-output>
        </test-method> <!-- get_schedule_Rides_headingtext -->
        <test-method is-config="true" signature="teardown()[pri:0, instance:com.indium.uber.qa.tests.HomePageHeadingsTest@61322f9d]" started-at="2025-06-29T10:31:11 IST" name="teardown" finished-at="2025-06-29T10:31:11 IST" duration-ms="681" status="PASS">
          <reporter-output>
          </reporter-output>
        </test-method> <!-- teardown -->
        <test-method is-config="true" signature="start()[pri:0, instance:com.indium.uber.qa.tests.HomePageHeadingsTest@61322f9d]" started-at="2025-06-29T10:31:11 IST" name="start" finished-at="2025-06-29T10:31:13 IST" duration-ms="1964" status="PASS">
          <reporter-output>
          </reporter-output>
        </test-method> <!-- start -->
        <test-method signature="get_ways_of_rides_headingtext()[pri:0, instance:com.indium.uber.qa.tests.HomePageHeadingsTest@61322f9d]" started-at="2025-06-29T10:31:13 IST" name="get_ways_of_rides_headingtext" finished-at="2025-06-29T10:31:14 IST" duration-ms="71" status="PASS">
          <reporter-output>
          </reporter-output>
        </test-method> <!-- get_ways_of_rides_headingtext -->
        <test-method is-config="true" signature="teardown()[pri:0, instance:com.indium.uber.qa.tests.HomePageHeadingsTest@61322f9d]" started-at="2025-06-29T10:31:14 IST" name="teardown" finished-at="2025-06-29T10:31:14 IST" duration-ms="321" status="PASS">
          <reporter-output>
          </reporter-output>
        </test-method> <!-- teardown -->
      </class> <!-- com.indium.uber.qa.tests.HomePageHeadingsTest -->
      <class name="com.indium.uber.qa.tests.BookingRideTest">
        <test-method is-config="true" signature="start()[pri:0, instance:com.indium.uber.qa.tests.BookingRideTest@5aa9e4eb]" started-at="2025-06-29T10:30:46 IST" name="start" finished-at="2025-06-29T10:30:52 IST" duration-ms="6493" status="PASS">
          <reporter-output>
          </reporter-output>
        </test-method> <!-- start -->
        <test-method signature="test1()[pri:0, instance:com.indium.uber.qa.tests.BookingRideTest@5aa9e4eb]" started-at="2025-06-29T10:30:52 IST" name="test1" finished-at="2025-06-29T10:30:52 IST" duration-ms="11" status="PASS">
          <reporter-output>
          </reporter-output>
        </test-method> <!-- test1 -->
        <test-method is-config="true" signature="teardown()[pri:0, instance:com.indium.uber.qa.tests.BookingRideTest@5aa9e4eb]" started-at="2025-06-29T10:30:52 IST" name="teardown" finished-at="2025-06-29T10:30:52 IST" duration-ms="175" status="PASS">
          <reporter-output>
          </reporter-output>
        </test-method> <!-- teardown -->
        <test-method is-config="true" signature="start()[pri:0, instance:com.indium.uber.qa.tests.BookingRideTest@5aa9e4eb]" started-at="2025-06-29T10:30:52 IST" name="start" finished-at="2025-06-29T10:30:54 IST" duration-ms="1744" status="PASS">
          <reporter-output>
          </reporter-output>
        </test-method> <!-- start -->
        <test-method signature="test2()[pri:0, instance:com.indium.uber.qa.tests.BookingRideTest@5aa9e4eb]" started-at="2025-06-29T10:30:54 IST" name="test2" finished-at="2025-06-29T10:30:54 IST" duration-ms="3" status="FAIL">
          <exception class="java.lang.AssertionError">
            <message>
              <![CDATA[null]]>
            </message>
            <full-stacktrace>
              <![CDATA[java.lang.AssertionError: null
at org.testng.Assert.fail(Assert.java:111)
at org.testng.Assert.fail(Assert.java:116)
at com.indium.uber.qa.tests.BookingRideTest.test2(BookingRideTest.java:43)
at java.base/jdk.internal.reflect.DirectMethodHandleAccessor.invoke(DirectMethodHandleAccessor.java:103)
at java.base/java.lang.reflect.Method.invoke(Method.java:580)
at org.testng.internal.invokers.MethodInvocationHelper.invokeMethod(MethodInvocationHelper.java:141)
at org.testng.internal.invokers.TestInvoker.invokeMethod(TestInvoker.java:686)
at org.testng.internal.invokers.TestInvoker.invokeTestMethod(TestInvoker.java:230)
at org.testng.internal.invokers.MethodRunner.runInSequence(MethodRunner.java:63)
at org.testng.internal.invokers.TestInvoker$MethodInvocationAgent.invoke(TestInvoker.java:992)
at org.testng.internal.invokers.TestInvoker.invokeTestMethods(TestInvoker.java:203)
at org.testng.internal.invokers.TestMethodWorker.invokeTestMethods(TestMethodWorker.java:154)
at org.testng.internal.invokers.TestMethodWorker.run(TestMethodWorker.java:134)
at java.base/java.util.ArrayList.forEach(ArrayList.java:1597)
at org.testng.TestRunner.privateRun(TestRunner.java:739)
at org.testng.TestRunner.run(TestRunner.java:614)
at org.testng.SuiteRunner.runTest(SuiteRunner.java:421)
at org.testng.SuiteRunner.runSequentially(SuiteRunner.java:413)
at org.testng.SuiteRunner.privateRun(SuiteRunner.java:373)
at org.testng.SuiteRunner.run(SuiteRunner.java:312)
at org.testng.SuiteRunnerWorker.runSuite(SuiteRunnerWorker.java:52)
at org.testng.SuiteRunnerWorker.run(SuiteRunnerWorker.java:95)
at org.testng.TestNG.runSuitesSequentially(TestNG.java:1274)
at org.testng.TestNG.runSuitesLocally(TestNG.java:1208)
at org.testng.TestNG.runSuites(TestNG.java:1112)
at org.testng.TestNG.run(TestNG.java:1079)
at org.testng.remote.AbstractRemoteTestNG.run(AbstractRemoteTestNG.java:115)
at org.testng.remote.RemoteTestNG.initAndRun(RemoteTestNG.java:293)
at org.testng.remote.RemoteTestNG.main(RemoteTestNG.java:91)
]]>
            </full-stacktrace>
          </exception> <!-- java.lang.AssertionError -->
          <reporter-output>
          </reporter-output>
        </test-method> <!-- test2 -->
        <test-method is-config="true" signature="teardown()[pri:0, instance:com.indium.uber.qa.tests.BookingRideTest@5aa9e4eb]" started-at="2025-06-29T10:30:54 IST" name="teardown" finished-at="2025-06-29T10:30:55 IST" duration-ms="892" status="PASS">
          <reporter-output>
          </reporter-output>
        </test-method> <!-- teardown -->
      </class> <!-- com.indium.uber.qa.tests.BookingRideTest -->
    </test> <!-- Test -->
  </suite> <!-- Suite -->
</testng-results>
